C:\Program Files (x86)\MSBuild\Microsoft.Cpp\v4.0\V140\Microsoft.CppBuild.targets(392,5): warning MSB8028: The intermediate directory (Debug\) contains files shared from another project (RadiositySolver.vcxproj).  This can lead to incorrect clean and rebuild behavior.
  trackball.cpp
d:\program files (x86)\dropbox\modules\cs4247 graphics rendering techniques\assignment\3\cs4247_assign3_2016_todo\trackball.cpp(193): warning C4996: 'fopen': This function or variable may be unsafe. Consider using fopen_s instead. To disable deprecation, use _CRT_SECURE_NO_WARNINGS. See online help for details.
  c:\program files (x86)\windows kits\10\include\10.0.10240.0\ucrt\stdio.h(205): note: see declaration of 'fopen'
d:\program files (x86)\dropbox\modules\cs4247 graphics rendering techniques\assignment\3\cs4247_assign3_2016_todo\trackball.cpp(216): warning C4996: 'fopen': This function or variable may be unsafe. Consider using fopen_s instead. To disable deprecation, use _CRT_SECURE_NO_WARNINGS. See online help for details.
  c:\program files (x86)\windows kits\10\include\10.0.10240.0\ucrt\stdio.h(205): note: see declaration of 'fopen'
d:\program files (x86)\dropbox\modules\cs4247 graphics rendering techniques\assignment\3\cs4247_assign3_2016_todo\trackball.cpp(223): warning C4996: 'fscanf': This function or variable may be unsafe. Consider using fscanf_s instead. To disable deprecation, use _CRT_SECURE_NO_WARNINGS. See online help for details.
  c:\program files (x86)\windows kits\10\include\10.0.10240.0\ucrt\stdio.h(1193): note: see declaration of 'fscanf'
d:\program files (x86)\dropbox\modules\cs4247 graphics rendering techniques\assignment\3\cs4247_assign3_2016_todo\trackball.cpp(224): warning C4996: 'fscanf': This function or variable may be unsafe. Consider using fscanf_s instead. To disable deprecation, use _CRT_SECURE_NO_WARNINGS. See online help for details.
  c:\program files (x86)\windows kits\10\include\10.0.10240.0\ucrt\stdio.h(1193): note: see declaration of 'fscanf'
d:\program files (x86)\dropbox\modules\cs4247 graphics rendering techniques\assignment\3\cs4247_assign3_2016_todo\trackball.cpp(226): warning C4996: 'fscanf': This function or variable may be unsafe. Consider using fscanf_s instead. To disable deprecation, use _CRT_SECURE_NO_WARNINGS. See online help for details.
  c:\program files (x86)\windows kits\10\include\10.0.10240.0\ucrt\stdio.h(1193): note: see declaration of 'fscanf'
d:\program files (x86)\dropbox\modules\cs4247 graphics rendering techniques\assignment\3\cs4247_assign3_2016_todo\trackball.cpp(228): warning C4996: 'fscanf': This function or variable may be unsafe. Consider using fscanf_s instead. To disable deprecation, use _CRT_SECURE_NO_WARNINGS. See online help for details.
  c:\program files (x86)\windows kits\10\include\10.0.10240.0\ucrt\stdio.h(1193): note: see declaration of 'fscanf'
d:\program files (x86)\dropbox\modules\cs4247 graphics rendering techniques\assignment\3\cs4247_assign3_2016_todo\trackball.cpp(229): warning C4996: 'fscanf': This function or variable may be unsafe. Consider using fscanf_s instead. To disable deprecation, use _CRT_SECURE_NO_WARNINGS. See online help for details.
  c:\program files (x86)\windows kits\10\include\10.0.10240.0\ucrt\stdio.h(1193): note: see declaration of 'fscanf'
d:\program files (x86)\dropbox\modules\cs4247 graphics rendering techniques\assignment\3\cs4247_assign3_2016_todo\trackball.cpp(230): warning C4996: 'fscanf': This function or variable may be unsafe. Consider using fscanf_s instead. To disable deprecation, use _CRT_SECURE_NO_WARNINGS. See online help for details.
  c:\program files (x86)\windows kits\10\include\10.0.10240.0\ucrt\stdio.h(1193): note: see declaration of 'fscanf'
  radiosityviewer.cpp
d:\program files (x86)\dropbox\modules\cs4247 graphics rendering techniques\assignment\3\cs4247_assign3_2016_todo\radiosityviewer.cpp(126): warning C4996: 'fscanf': This function or variable may be unsafe. Consider using fscanf_s instead. To disable deprecation, use _CRT_SECURE_NO_WARNINGS. See online help for details.
  c:\program files (x86)\windows kits\10\include\10.0.10240.0\ucrt\stdio.h(1193): note: see declaration of 'fscanf'
d:\program files (x86)\dropbox\modules\cs4247 graphics rendering techniques\assignment\3\cs4247_assign3_2016_todo\radiosityviewer.cpp(141): warning C4996: 'fscanf': This function or variable may be unsafe. Consider using fscanf_s instead. To disable deprecation, use _CRT_SECURE_NO_WARNINGS. See online help for details.
  c:\program files (x86)\windows kits\10\include\10.0.10240.0\ucrt\stdio.h(1193): note: see declaration of 'fscanf'
d:\program files (x86)\dropbox\modules\cs4247 graphics rendering techniques\assignment\3\cs4247_assign3_2016_todo\radiosityviewer.cpp(144): warning C4996: 'fscanf': This function or variable may be unsafe. Consider using fscanf_s instead. To disable deprecation, use _CRT_SECURE_NO_WARNINGS. See online help for details.
  c:\program files (x86)\windows kits\10\include\10.0.10240.0\ucrt\stdio.h(1193): note: see declaration of 'fscanf'
d:\program files (x86)\dropbox\modules\cs4247 graphics rendering techniques\assignment\3\cs4247_assign3_2016_todo\radiosityviewer.cpp(256): warning C4996: 'sprintf': This function or variable may be unsafe. Consider using sprintf_s instead. To disable deprecation, use _CRT_SECURE_NO_WARNINGS. See online help for details.
  c:\program files (x86)\windows kits\10\include\10.0.10240.0\ucrt\stdio.h(1769): note: see declaration of 'sprintf'
  Generating Code...
  Skipping... (no relevant changes detected)
  common.cpp
common.obj : warning LNK4075: ignoring '/EDITANDCONTINUE' due to '/SAFESEH' specification
  RadiosityViewer.vcxproj -> D:\Program Files (x86)\Dropbox\Modules\CS4247 Graphics Rendering Techniques\Assignment\3\cs4247_assign3_2016_todo\Debug\RadiosityViewer.exe
